2024-11-14T19:17:51.051Z [info]: No db file provided, using in-memory db
2024-11-14T19:17:51.051Z [info]: No db file provided, using in-memory db
2024-11-14T19:17:51.070Z [info]: GET /users
2024-11-14T19:17:51.070Z [info]: GET /todos
2024-11-14T19:17:51.079Z [info]: GET /todos
2024-11-14T19:17:51.083Z [info]: GET /todos/45ortrmapg
2024-11-14T19:17:51.096Z [info]: POST /todos/batch
2024-11-14T19:17:51.101Z [info]: GET /todos
2024-11-14T19:17:51.105Z [info]: PUT /todos/batch
2024-11-14T19:17:51.111Z [info]: GET /todos
2024-11-14T19:17:51.115Z [info]: DELETE /todos/batch
2024-11-14T19:33:27.135Z [info]: No db file provided, using in-memory db
2024-11-14T19:33:27.154Z [info]: GET /todos
2024-11-14T19:33:27.168Z [info]: GET /todos
2024-11-14T19:33:27.171Z [info]: GET /todos/393w4kyfdzx
2024-11-14T19:33:27.177Z [info]: GET /todos
2024-11-14T19:33:27.188Z [info]: PUT /todos/054dym0xumk7
2024-11-14T19:33:27.193Z [info]: POST /todos/batch
2024-11-14T19:33:27.198Z [info]: GET /todos
2024-11-14T19:33:27.202Z [info]: PUT /todos/batch
2024-11-14T19:33:27.208Z [info]: GET /todos
2024-11-14T19:33:27.213Z [info]: DELETE /todos/batch
2024-11-14T19:33:27.264Z [info]: No db file provided, using in-memory db
2024-11-14T19:33:27.271Z [info]: GET /users
2024-11-14T19:34:01.059Z [info]: No db file provided, using in-memory db
2024-11-14T19:34:01.175Z [info]: No db file provided, using in-memory db
2024-11-14T19:38:36.459Z [info]: No db file provided, using in-memory db
2024-11-14T19:38:36.584Z [info]: No db file provided, using in-memory db
